----------   Running  Command   ---------- 

COMMAND: /home/bohan/.local/lib/python3.8/site-packages/smartsim/_core/bin/redis-server /home/bohan/.local/lib/python3.8/site-packages/smartsim/_core/config/redis.conf --loadmodule /home/bohan/.local/lib/python3.8/site-packages/smartsim/_core/lib/redisai.so --port 6379 --bind 127.0.0.1 --bind-source-addr 127.0.0.1

IPADDRESS: 127.0.0.1

NETWORK: lo

------------------------------ 


----------   Output   ---------- 


45478:C 27 Oct 2023 18:23:27.960 # oO0OoO0OoO0Oo Redis is starting oO0OoO0OoO0Oo
45478:C 27 Oct 2023 18:23:27.960 # Redis version=7.0.5, bits=64, commit=1571907e, modified=0, pid=45478, just started
45478:C 27 Oct 2023 18:23:27.960 # Configuration loaded
45478:M 27 Oct 2023 18:23:27.960 * monotonic clock: POSIX clock_gettime
                _._
           _.-``__ ''-._
      _.-``    `.  `_.  ''-._           Redis 7.0.5 (1571907e/0) 64 bit
  .-`` .-```.  ```\/    _.,_ ''-._
 (    '      ,       .-`  | `,    )     Running in standalone mode
 |`-._`-...-` __...-.``-._|'` _.-'|     Port: 6379
 |    `-._   `._    /     _.-'    |     PID: 45478
  `-._    `-._  `-./  _.-'    _.-'
 |`-._`-._    `-.__.-'    _.-'_.-'|
 |    `-._`-._        _.-'_.-'    |           https://redis.io
  `-._    `-._`-.__.-'_.-'    _.-'
 |`-._`-._    `-.__.-'    _.-'_.-'|
 |    `-._`-._        _.-'_.-'    |
  `-._    `-._`-.__.-'_.-'    _.-'
      `-._    `-.__.-'    _.-'
          `-._        _.-'
              `-.__.-'

45478:M 27 Oct 2023 18:23:27.961 # Server initialized
45478:M 27 Oct 2023 18:23:27.961 # WARNING overcommit_memory is set to 0! Background save may fail under low memory condition. To fix this issue add 'vm.overcommit_memory = 1' to /etc/sysctl.conf and then reboot or run the command 'sysctl vm.overcommit_memory=1' for this to take effect.
45478:M 27 Oct 2023 18:23:27.961 * <ai> Redis version found by RedisAI: 7.0.5 - oss
45478:M 27 Oct 2023 18:23:27.961 * <ai> RedisAI version 10207, git_sha=1bf38d86233ba06e1350ca9de794df2b07cdb274
45478:M 27 Oct 2023 18:23:27.961 * Module 'ai' loaded from /home/bohan/.local/lib/python3.8/site-packages/smartsim/_core/lib/redisai.so
45478:M 27 Oct 2023 18:23:27.961 * Ready to accept connections
45478:M 27 Oct 2023 18:23:53.338 # <ai> backend TORCH not loaded, will try loading default backend
45478:M 27 Oct 2023 18:23:53.405 * <ai> TORCH backend loaded from /home/bohan/.local/lib/python3.8/site-packages/smartsim/_core/lib/backends/redisai_torch/redisai_torch.so
45478:M 27 Oct 2023 18:23:53.418 # <ai> PytorchStreamReader failed locating file constants.pkl: file not found
Exception raised from valid at ../caffe2/serialize/inline_container.cc:158 (most recent call first):
frame #0: c10::Error::Error(c10::SourceLocation, std::string) + 0x42 (0x7f6b22e53f72 in /home/bohan/.local/lib/python3.8/site-packages/smartsim/_core/lib/backends/redisai_torch/lib/libc10.so)
frame #1: c10::detail::torchCheckFail(char const*, char const*, unsigned int, std::string const&) + 0x5b (0x7f6b22e505eb in /home/bohan/.local/lib/python3.8/site-packages/smartsim/_core/lib/backends/redisai_torch/lib/libc10.so)
frame #2: caffe2::serialize::PyTorchStreamReader::valid(char const*, char const*) + 0x8e (0x7f6b07b9428e in /home/bohan/.local/lib/python3.8/site-packages/smartsim/_core/lib/backends/redisai_torch/lib/libtorch_cpu.so)
frame #3: caffe2::serialize::PyTorchStreamReader::getRecordID(std::string const&) + 0x47 (0x7f6b07b94457 in /home/bohan/.local/lib/python3.8/site-packages/smartsim/_core/lib/backends/redisai_torch/lib/libtorc
